<?xml version="1.0" encoding="UTF-8"?>
<!-- Generated by org.testng.reporters.JUnitReportReporter -->
<testsuite skipped="0" hostname="DESKTOP-SQD4F9K" name="com.guru.project.Guru_Selenium.Guru_Login_Page" tests="2" failures="0" timestamp="2019-12-10T23:02:21 MST" time="13.802" errors="0">
  <testcase name="loginBrowser" time="1.749" classname="com.guru.project.Guru_Selenium.Guru_Login_Page"/>
  <testcase name="invokeBrowser" time="12.053" classname="com.guru.project.Guru_Selenium.Guru_Login_Page"/>
</testsuite> <!-- com.guru.project.Guru_Selenium.Guru_Login_Page -->
